<?xml version="1.0" encoding="UTF-8"?>
<testsuite xmlns:xsi="http://www.w3.org/2001/XMLSchema-instance" xsi:noNamespaceSchemaLocation="https://maven.apache.org/surefire/maven-surefire-plugin/xsd/surefire-test-report.xsd" version="3.0.2" name="com.realityrag.access.mcp.SpringAiMcpServerTest" time="1.87" tests="2" errors="0" skipped="0" failures="0" flakes="0">
  <properties>
[...]
</properties>
  <testcase name="mcpSessionRejectsAgentInstanceDrift" classname="com.realityrag.access.mcp.SpringAiMcpServerTest" time="0.491">
    <system-out><![CDATA[
  .   ____          _            __ _ _
 /\\ / ___'_ __ _ _(_)_ __  __ _ \ \ \ \
( ( )\___ | '_ | '_| | '_ \/ _` | \ \ \ \
 \\/  ___)| |_)| | | | | || (_| |  ) ) ) )
  '  |____| .__|_| |_|_| |_\__, | / / / /
 =========|_|==============|___/=/_/_/_/

 :: Spring Boot ::               (v3.5.14)

2026-05-28T19:58:26.223+08:00  INFO 9688 --- [access] [           main] c.r.access.mcp.SpringAiMcpServerTest     : Starting SpringAiMcpServerTest using Java 17.0.19 with PID 9688 (started by LLT in E:\AI\My-Project\Enterprise KnowledgeBase\services\access)
2026-05-28T19:58:26.223+08:00  INFO 9688 --- [access] [           main] c.r.access.mcp.SpringAiMcpServerTest     : No active profile set, falling back to 1 default profile: "default"
2026-05-28T19:58:26.808+08:00  INFO 9688 --- [access] [           main] o.s.b.w.embedded.tomcat.TomcatWebServer  : Tomcat initialized with port 0 (http)
2026-05-28T19:58:26.842+08:00  INFO 9688 --- [access] [           main] o.apache.catalina.core.StandardService   : Starting service [Tomcat]
2026-05-28T19:58:26.843+08:00  INFO 9688 --- [access] [           main] o.apache.catalina.core.StandardEngine    : Starting Servlet engine: [Apache Tomcat/10.1.54]
2026-05-28T19:58:26.941+08:00  INFO 9688 --- [access] [           main] o.a.c.c.C.[Tomcat].[localhost].[/]       : Initializing Spring embedded WebApplicationContext
2026-05-28T19:58:26.942+08:00  INFO 9688 --- [access] [           main] w.s.c.ServletWebServerApplicationContext : Root WebApplicationContext: initialization completed in 716 ms
2026-05-28T19:58:27.114+08:00  INFO 9688 --- [access] [           main] o.s.a.m.s.a.McpServerAutoConfiguration   : Enable tools capabilities, notification: false
2026-05-28T19:58:27.115+08:00  INFO 9688 --- [access] [           main] o.s.a.m.s.a.McpServerAutoConfiguration   : Registered tools: 1
2026-05-28T19:58:27.115+08:00  INFO 9688 --- [access] [           main] o.s.a.m.s.a.McpServerAutoConfiguration   : Enable resources capabilities, notification: false
2026-05-28T19:58:27.115+08:00  INFO 9688 --- [access] [           main] o.s.a.m.s.a.McpServerAutoConfiguration   : Enable prompts capabilities, notification: true
2026-05-28T19:58:27.115+08:00  INFO 9688 --- [access] [           main] o.s.a.m.s.a.McpServerAutoConfiguration   : Enable completions capabilities
2026-05-28T19:58:27.167+08:00  INFO 9688 --- [access] [           main] o.s.b.a.e.web.EndpointLinksResolver      : Exposing 2 endpoints beneath base path '/actuator'
2026-05-28T19:58:27.231+08:00  INFO 9688 --- [access] [           main] o.s.b.w.embedded.tomcat.TomcatWebServer  : Tomcat started on port 8094 (http) with context path '/'
2026-05-28T19:58:27.236+08:00  INFO 9688 --- [access] [           main] c.r.access.mcp.SpringAiMcpServerTest     : Started SpringAiMcpServerTest in 1.048 seconds (process running for 7.211)
2026-05-28T19:58:27.247+08:00  INFO 9688 --- [access] [           main] com.zaxxer.hikari.HikariDataSource       : HikariPool-2 - Starting...
2026-05-28T19:58:27.249+08:00  INFO 9688 --- [access] [           main] com.zaxxer.hikari.pool.HikariPool        : HikariPool-2 - Added connection conn10: url=jdbc:h2:mem:access-mcp user=SA
2026-05-28T19:58:27.249+08:00  INFO 9688 --- [access] [           main] com.zaxxer.hikari.HikariDataSource       : HikariPool-2 - Start completed.
2026-05-28T19:58:27.390+08:00  INFO 9688 --- [access] [o-auto-1-exec-1] o.a.c.c.C.[Tomcat].[localhost].[/]       : Initializing Spring DispatcherServlet 'dispatcherServlet'
2026-05-28T19:58:27.390+08:00  INFO 9688 --- [access] [o-auto-1-exec-1] o.s.web.servlet.DispatcherServlet        : Initializing Servlet 'dispatcherServlet'
2026-05-28T19:58:27.391+08:00  INFO 9688 --- [access] [o-auto-1-exec-1] o.s.web.servlet.DispatcherServlet        : Completed initialization in 1 ms
2026-05-28T19:58:27.467+08:00  INFO 9688 --- [access] [o-auto-1-exec-1] c.r.a.mcp.AccessMcpTransportProvider     : ACCESS_MCP event=session_bind transport_session_id=86c5e3ce-ab50-40c3-bcda-9d0c9d5c16e0 server_session_id=ad66f73d-f0d9-41d3-a020-267b231fcb8d api_key_id=rr-agent-platform-dev agent_instance_id=agent-instance-A
2026-05-28T19:58:27.685+08:00  WARN 9688 --- [access] [o-auto-1-exec-2] c.r.a.s.AccessRequestContextFilter       : ACCESS_AUDIT event=auth_failure method=POST path=/mcp/messages status_code=403 error_code=ACC_FORBIDDEN error_message=MCP session principal does not match the authenticated bearer token api_key_id=rr-agent-platform-dev agent_instance_id=agent-instance-B
]]></system-out>
  </testcase>
  <testcase name="agentStyleMcpFlowListsAndCallsGovernedTool" classname="com.realityrag.access.mcp.SpringAiMcpServerTest" time="0.313">
    <system-out><![CDATA[2026-05-28T19:58:27.777+08:00  INFO 9688 --- [access] [o-auto-1-exec-3] c.r.a.mcp.AccessMcpTransportProvider     : ACCESS_MCP event=session_bind transport_session_id=60d0c305-2246-4899-86c7-c119b3ef2791 server_session_id=51f8e709-f936-45cd-8ae1-82a32d5c2909 api_key_id=rr-agent-platform-dev agent_instance_id=agent-instance-001
2026-05-28T19:58:27.886+08:00  INFO 9688 --- [access] [o-auto-1-exec-4] i.m.server.McpAsyncServer                : Client initialize request - Protocol: 2024-11-05, Capabilities: ClientCapabilities[experimental=null, roots=null, sampling=null], Info: Implementation[name=agent-platform-test, version=1.0.0]
2026-05-28T19:58:27.911+08:00  INFO 9688 --- [access] [ient-6-Worker-2] i.m.client.McpAsyncClient                : Server response with Protocol: 2024-11-05, Capabilities: ServerCapabilities[completions=CompletionCapabilities[], experimental=null, logging=LoggingCapabilities[], prompts=PromptCapabilities[listChanged=true], resources=ResourceCapabilities[subscribe=false, listChanged=false], tools=ToolCapabilities[listChanged=false]], Info: Implementation[name=reality-rag-access, version=0.1.0] and Instructions Enterprise KnowledgeBase access MCP server.
]]></system-out>
  </testcase>
</testsuite>